<?xml version="1.0" encoding="UTF-8"?>
<!-- Generated by org.testng.reporters.JUnitReportReporter -->
<testsuite skipped="0" hostname="Lenovo" name="test.UserTest" tests="1" failures="0" timestamp="2022-09-26T14:35:03 IST" time="0.043" errors="0">
  <testcase name="tetst01" time="0.043" classname="test.UserTest"/>
  <system-out/>
</testsuite> <!-- test.UserTest -->
