<?xml version="1.0" encoding="UTF-8"?>
<!-- Generated by org.testng.reporters.JUnitReportReporter -->
<testsuite skipped="0" hostname="Lenovo" name="test.DashboardTest" tests="2" failures="0" timestamp="2022-09-26T14:35:03 IST" time="0.345" errors="0">
  <testcase name="test01" time="0.074" classname="test.DashboardTest"/>
  <system-out/>
  <testcase name="test02" time="0.271" classname="test.DashboardTest"/>
  <system-out/>
</testsuite> <!-- test.DashboardTest -->
