<?xml version="1.0" encoding="UTF-8"?>
<!-- Generated by org.testng.reporters.JUnitReportReporter -->
<testsuite skipped="0" hostname="Lenovo" name="test.LoginTest" tests="1" failures="0" timestamp="2022-09-26T14:35:03 IST" time="4.679" errors="0">
  <testcase name="login" time="4.679" classname="test.LoginTest"/>
  <system-out/>
</testsuite> <!-- test.LoginTest -->
